<?xml version="1.0" encoding="UTF-8"?>
<testng-results skipped="0" failed="0" ignored="0" total="2" passed="2">
  <reporter-output>
  </reporter-output>
  <suite name="Default suite" duration-ms="22198" started-at="2022-05-08T23:57:24 IST" finished-at="2022-05-08T23:57:46 IST">
    <groups>
    </groups>
    <test name="Default test" duration-ms="22198" started-at="2022-05-08T23:57:24 IST" finished-at="2022-05-08T23:57:46 IST">
      <class name="practice.Checkboxes">
        <test-method status="PASS" signature="initialization()[pri:0, instance:practice.Checkboxes@76f2b07d]" name="initialization" is-config="true" duration-ms="11738" started-at="2022-05-08T23:57:24 IST" finished-at="2022-05-08T23:57:36 IST">
          <reporter-output>
          </reporter-output>
        </test-method> <!-- initialization -->
        <test-method status="PASS" signature="checkedFirst2Days()[pri:0, instance:practice.Checkboxes@76f2b07d]" name="checkedFirst2Days" duration-ms="218" started-at="2022-05-08T23:57:36 IST" finished-at="2022-05-08T23:57:36 IST">
          <reporter-output>
          </reporter-output>
        </test-method> <!-- checkedFirst2Days -->
        <test-method status="PASS" signature="initialization()[pri:0, instance:practice.Checkboxes@76f2b07d]" name="initialization" is-config="true" duration-ms="9926" started-at="2022-05-08T23:57:36 IST" finished-at="2022-05-08T23:57:46 IST">
          <reporter-output>
          </reporter-output>
        </test-method> <!-- initialization -->
        <test-method status="PASS" signature="checkedLast2Days()[pri:0, instance:practice.Checkboxes@76f2b07d]" name="checkedLast2Days" duration-ms="227" started-at="2022-05-08T23:57:46 IST" finished-at="2022-05-08T23:57:46 IST">
          <reporter-output>
          </reporter-output>
        </test-method> <!-- checkedLast2Days -->
      </class> <!-- practice.Checkboxes -->
    </test> <!-- Default test -->
  </suite> <!-- Default suite -->
</testng-results>
